<?xml version="1.0" encoding="UTF-8"?>
<coverage generated="1632785099160" clover="3.2.0">
  <project timestamp="1632785099161" name="All files">
    <metrics statements="36" coveredstatements="36" conditionals="12" coveredconditionals="12" methods="12" coveredmethods="12" elements="60" coveredelements="60" complexity="0" loc="36" ncloc="36" packages="1" files="1" classes="1"/>
    <file name="cpf.js" path="D:\Projects\branas\cpf_branas\dist\cpf.js">
      <metrics statements="36" coveredstatements="36" conditionals="12" coveredconditionals="12" methods="12" coveredmethods="12"/>
      <line num="2" count="1" type="stmt"/>
      <line num="3" count="1" type="stmt"/>
      <line num="4" count="1" type="stmt"/>
      <line num="6" count="1" type="stmt"/>
      <line num="7" count="1" type="stmt"/>
      <line num="8" count="1" type="stmt"/>
      <line num="10" count="10" type="cond" truecount="2" falsecount="0"/>
      <line num="11" count="4" type="stmt"/>
      <line num="12" count="10" type="stmt"/>
      <line num="13" count="9" type="stmt"/>
      <line num="14" count="8" type="stmt"/>
      <line num="15" count="1" type="stmt"/>
      <line num="16" count="8" type="stmt"/>
      <line num="17" count="76" type="stmt"/>
      <line num="18" count="76" type="stmt"/>
      <line num="19" count="8" type="stmt"/>
      <line num="21" count="1" type="stmt"/>
      <line num="22" count="4" type="stmt"/>
      <line num="23" count="4" type="stmt"/>
      <line num="24" count="4" type="stmt"/>
      <line num="25" count="4" type="stmt"/>
      <line num="26" count="4" type="stmt"/>
      <line num="28" count="1" type="stmt"/>
      <line num="29" count="8" type="stmt"/>
      <line num="30" count="8" type="cond" truecount="2" falsecount="0"/>
      <line num="32" count="1" type="stmt"/>
      <line num="33" count="10" type="stmt"/>
      <line num="34" count="10" type="cond" truecount="2" falsecount="0"/>
      <line num="35" count="1" type="stmt"/>
      <line num="36" count="9" type="cond" truecount="2" falsecount="0"/>
      <line num="37" count="1" type="stmt"/>
      <line num="38" count="8" type="cond" truecount="2" falsecount="0"/>
      <line num="39" count="4" type="stmt"/>
      <line num="40" count="4" type="stmt"/>
      <line num="41" count="4" type="stmt"/>
      <line num="43" count="1" type="stmt"/>
    </file>
  </project>
</coverage>
