TN:
SF:dist\cpf.js
FN:6,(anonymous_0)
FN:10,(anonymous_1)
FN:11,(anonymous_2)
FN:12,(anonymous_3)
FN:13,(anonymous_4)
FN:14,(anonymous_5)
FN:15,(anonymous_6)
FN:17,(anonymous_7)
FN:18,(anonymous_8)
FN:21,(anonymous_9)
FN:28,(anonymous_10)
FN:32,(anonymous_11)
FNF:12
FNH:12
FNDA:1,(anonymous_0)
FNDA:10,(anonymous_1)
FNDA:4,(anonymous_2)
FNDA:10,(anonymous_3)
FNDA:9,(anonymous_4)
FNDA:8,(anonymous_5)
FNDA:8,(anonymous_6)
FNDA:76,(anonymous_7)
FNDA:76,(anonymous_8)
FNDA:4,(anonymous_9)
FNDA:8,(anonymous_10)
FNDA:10,(anonymous_11)
DA:2,1
DA:3,1
DA:4,1
DA:6,1
DA:7,1
DA:8,1
DA:10,10
DA:11,4
DA:12,10
DA:13,9
DA:14,8
DA:15,1
DA:16,8
DA:17,76
DA:18,76
DA:19,8
DA:21,1
DA:22,4
DA:23,4
DA:24,4
DA:25,4
DA:26,4
DA:28,1
DA:29,8
DA:30,8
DA:32,1
DA:33,10
DA:34,10
DA:35,1
DA:36,9
DA:37,1
DA:38,8
DA:39,4
DA:40,4
DA:41,4
DA:43,1
LF:36
LH:36
BRDA:9,0,0,1
BRDA:9,0,1,1
BRDA:10,1,0,10
BRDA:10,1,1,9
BRDA:30,2,0,1
BRDA:30,2,1,7
BRDA:34,3,0,1
BRDA:34,3,1,9
BRDA:36,4,0,1
BRDA:36,4,1,8
BRDA:38,5,0,4
BRDA:38,5,1,4
BRF:12
BRH:12
end_of_record
